[0.040s] Invoking command in '/home/encoder/Desktop/ros2-robot/build/tello_driver': AMENT_PREFIX_PATH=/home/encoder/Desktop/ros2-robot/install/tello_msgs:/home/encoder/Desktop/ros2-robot/install/ros2_shared:${AMENT_PREFIX_PATH} CMAKE_PREFIX_PATH=/home/encoder/Desktop/ros2-robot/install/tello_msgs:/home/encoder/Desktop/ros2-robot/install/ros2_shared:/opt/ros/humble LD_LIBRARY_PATH=/home/encoder/Desktop/ros2-robot/install/tello_msgs/lib:${LD_LIBRARY_PATH} PYTHONPATH=/home/encoder/Desktop/ros2-robot/install/tello_msgs/local/lib/python3.10/dist-packages:${PYTHONPATH} /usr/bin/cmake /home/encoder/Desktop/ros2-robot/ros2_ws/src/tello_ros/tello_driver -DCMAKE_INSTALL_PREFIX=/home/encoder/Desktop/ros2-robot/install/tello_driver
[0.243s] -- The C compiler identification is GNU 11.4.0
[0.439s] -- The CXX compiler identification is GNU 11.4.0
[0.465s] -- Detecting C compiler ABI info
[0.723s] -- Detecting C compiler ABI info - done
[0.753s] -- Check for working C compiler: /usr/bin/cc - skipped
[0.754s] -- Detecting C compile features
[0.756s] -- Detecting C compile features - done
[0.774s] -- Detecting CXX compiler ABI info
[1.118s] -- Detecting CXX compiler ABI info - done
[1.155s] -- Check for working CXX compiler: /usr/bin/c++ - skipped
[1.155s] -- Detecting CXX compile features
[1.157s] -- Detecting CXX compile features - done
[1.169s] -- Found ament_cmake: 1.3.11 (/opt/ros/humble/share/ament_cmake/cmake)
[1.723s] -- Found Python3: /usr/bin/python3 (found version "3.10.12") found components: Interpreter 
[2.019s] -- Found camera_calibration_parsers: 3.1.10 (/opt/ros/humble/share/camera_calibration_parsers/cmake)
[2.147s] -- Found rosidl_generator_c: 3.1.6 (/opt/ros/humble/share/rosidl_generator_c/cmake)
[2.162s] -- Found rosidl_adapter: 3.1.6 (/opt/ros/humble/share/rosidl_adapter/cmake)
[2.186s] -- Found rosidl_generator_cpp: 3.1.6 (/opt/ros/humble/share/rosidl_generator_cpp/cmake)
[2.224s] -- Using all available rosidl_typesupport_c: rosidl_typesupport_fastrtps_c;rosidl_typesupport_introspection_c
[2.281s] -- Using all available rosidl_typesupport_cpp: rosidl_typesupport_fastrtps_cpp;rosidl_typesupport_introspection_cpp
[2.431s] -- Found rmw_implementation_cmake: 6.1.2 (/opt/ros/humble/share/rmw_implementation_cmake/cmake)
[2.438s] -- Found rmw_fastrtps_cpp: 6.2.7 (/opt/ros/humble/share/rmw_fastrtps_cpp/cmake)
[2.712s] -- Found OpenSSL: /usr/lib/x86_64-linux-gnu/libcrypto.so (found version "3.0.2")  
[2.806s] -- Found FastRTPS: /opt/ros/humble/include  
[2.935s] -- Using RMW implementation 'rmw_fastrtps_cpp' as default
[2.967s] -- Looking for pthread.h
[3.196s] -- Looking for pthread.h - found
[3.197s] -- Performing Test CMAKE_HAVE_LIBC_PTHREAD
[3.458s] -- Performing Test CMAKE_HAVE_LIBC_PTHREAD - Success
[3.460s] -- Found Threads: TRUE  
[3.814s] -- Found class_loader: 2.2.0 (/opt/ros/humble/share/class_loader/cmake)
[3.859s] -- Found cv_bridge: 3.2.1 (/opt/ros/humble/share/cv_bridge/cmake)
[3.927s] -- Found OpenCV: /usr (found version "4.5.4") 
[3.935s] -- Found rclcpp_components: 16.0.11 (/opt/ros/humble/share/rclcpp_components/cmake)
[4.029s] -- Found ros2_shared: 0.1.0 (/home/encoder/Desktop/ros2-robot/install/ros2_shared/share/ros2_shared/cmake)
[4.037s] -- Found tello_msgs: 0.1.0 (/home/encoder/Desktop/ros2-robot/install/tello_msgs/share/tello_msgs/cmake)
[4.369s] -- Configuring done
[4.485s] -- Generating done
[4.529s] -- Build files have been written to: /home/encoder/Desktop/ros2-robot/build/tello_driver
[4.569s] Invoked command in '/home/encoder/Desktop/ros2-robot/build/tello_driver' returned '0': AMENT_PREFIX_PATH=/home/encoder/Desktop/ros2-robot/install/tello_msgs:/home/encoder/Desktop/ros2-robot/install/ros2_shared:${AMENT_PREFIX_PATH} CMAKE_PREFIX_PATH=/home/encoder/Desktop/ros2-robot/install/tello_msgs:/home/encoder/Desktop/ros2-robot/install/ros2_shared:/opt/ros/humble LD_LIBRARY_PATH=/home/encoder/Desktop/ros2-robot/install/tello_msgs/lib:${LD_LIBRARY_PATH} PYTHONPATH=/home/encoder/Desktop/ros2-robot/install/tello_msgs/local/lib/python3.10/dist-packages:${PYTHONPATH} /usr/bin/cmake /home/encoder/Desktop/ros2-robot/ros2_ws/src/tello_ros/tello_driver -DCMAKE_INSTALL_PREFIX=/home/encoder/Desktop/ros2-robot/install/tello_driver
[4.572s] Invoking command in '/home/encoder/Desktop/ros2-robot/build/tello_driver': AMENT_PREFIX_PATH=/home/encoder/Desktop/ros2-robot/install/tello_msgs:/home/encoder/Desktop/ros2-robot/install/ros2_shared:${AMENT_PREFIX_PATH} CMAKE_PREFIX_PATH=/home/encoder/Desktop/ros2-robot/install/tello_msgs:/home/encoder/Desktop/ros2-robot/install/ros2_shared:/opt/ros/humble LD_LIBRARY_PATH=/home/encoder/Desktop/ros2-robot/install/tello_msgs/lib:${LD_LIBRARY_PATH} PYTHONPATH=/home/encoder/Desktop/ros2-robot/install/tello_msgs/local/lib/python3.10/dist-packages:${PYTHONPATH} /usr/bin/cmake --build /home/encoder/Desktop/ros2-robot/build/tello_driver -- -j12 -l12
[4.728s] [  4%] [32mBuilding CXX object CMakeFiles/tello_driver_node.dir/src/tello_driver_node.cpp.o[0m
[6.336s] [01m[K/home/encoder/Desktop/ros2-robot/ros2_ws/src/tello_ros/tello_driver/src/tello_driver_node.cpp:180:10:[m[K [01;31m[Kfatal error: [m[Krclcpp_components/register_node_macro.hpp: No such file or directory
[6.337s]   180 | #include [01;31m[K"rclcpp_components/register_node_macro.hpp"[m[K
[6.337s]       |          [01;31m[K^~~~~~~~~~~~~~~~~~~~~~~~~~~~~~~~~~~~~~~~~~~[m[K
[6.337s] compilation terminated.
[6.354s] gmake[2]: *** [CMakeFiles/tello_driver_node.dir/build.make:76: CMakeFiles/tello_driver_node.dir/src/tello_driver_node.cpp.o] Error 1
[6.354s] gmake[1]: *** [CMakeFiles/Makefile2:145: CMakeFiles/tello_driver_node.dir/all] Error 2
[6.354s] gmake: *** [Makefile:146: all] Error 2
[6.363s] Invoked command in '/home/encoder/Desktop/ros2-robot/build/tello_driver' returned '2': AMENT_PREFIX_PATH=/home/encoder/Desktop/ros2-robot/install/tello_msgs:/home/encoder/Desktop/ros2-robot/install/ros2_shared:${AMENT_PREFIX_PATH} CMAKE_PREFIX_PATH=/home/encoder/Desktop/ros2-robot/install/tello_msgs:/home/encoder/Desktop/ros2-robot/install/ros2_shared:/opt/ros/humble LD_LIBRARY_PATH=/home/encoder/Desktop/ros2-robot/install/tello_msgs/lib:${LD_LIBRARY_PATH} PYTHONPATH=/home/encoder/Desktop/ros2-robot/install/tello_msgs/local/lib/python3.10/dist-packages:${PYTHONPATH} /usr/bin/cmake --build /home/encoder/Desktop/ros2-robot/build/tello_driver -- -j12 -l12
