[0.074s] Invoking command in '/home/encoder/Desktop/ros2-robot/build/tello_driver': CMAKE_PREFIX_PATH=/home/encoder/Desktop/ros2-robot/install/tello_msgs:/home/encoder/Desktop/ros2-robot/install/ros2_shared:/home/encoder/Desktop/ros2-robot/ros2_ws/install/tello_msgs:/home/encoder/Desktop/ros2-robot/ros2_ws/install/tello_description:/home/encoder/Desktop/ros2-robot/ros2_ws/install/rplidar_ros:/home/encoder/Desktop/ros2-robot/ros2_ws/install/ros2_shared:/home/encoder/Desktop/ros2-robot/install/tello_description:/home/encoder/Desktop/ros2-robot/install/rplidar_ros:/home/encoder/Desktop/ros2-robot/ros2_ws/install/serial_pubsub:/home/encoder/Desktop/ros2-robot/ros2_ws/install/ros2_opencv:/home/encoder/Desktop/ros2-robot/ros2_ws/install/lidar_mapper:/home/encoder/Desktop/ros2-robot/install/serial_pubsub:/home/encoder/Desktop/ros2-robot/install/ros2_opencv:/home/encoder/Desktop/ros2-robot/install/lidar_mapper:/opt/ros/humble LD_LIBRARY_PATH=/home/encoder/Desktop/ros2-robot/install/tello_msgs/lib:/home/encoder/Desktop/ros2-robot/ros2_ws/install/tello_msgs/lib:/usr/lib/x86_64-linux-gnu/gazebo-11/plugins:/opt/ros/humble/opt/rviz_ogre_vendor/lib:/opt/ros/humble/lib/x86_64-linux-gnu:/opt/ros/humble/lib /usr/bin/cmake --build /home/encoder/Desktop/ros2-robot/build/tello_driver -- -j12 -l12
[0.217s] [35m[1mConsolidate compiler generated dependencies of target tello_emulator[0m
[0.223s] [35m[1mConsolidate compiler generated dependencies of target tello_joy_main[0m
[0.229s] [35m[1mConsolidate compiler generated dependencies of target tello_driver_node[0m
[0.252s] [35m[1mConsolidate compiler generated dependencies of target tello_driver_main[0m
[0.257s] [  4%] [32mBuilding CXX object CMakeFiles/tello_joy_node.dir/src/tello_joy_node.cpp.o[0m
[0.318s] [ 13%] Built target tello_emulator
[0.334s] [ 18%] [32mBuilding CXX object CMakeFiles/tello_joy_main.dir/src/tello_joy_node.cpp.o[0m
[0.394s] [ 22%] [32mBuilding CXX object CMakeFiles/tello_driver_node.dir/src/tello_driver_node.cpp.o[0m
[0.408s] [ 27%] [32mBuilding CXX object CMakeFiles/tello_driver_node.dir/h264decoder/h264decoder.cpp.o[0m
[0.419s] [ 31%] [32mBuilding CXX object CMakeFiles/tello_driver_node.dir/src/video_socket.cpp.o[0m
[0.488s] [ 36%] [32mBuilding CXX object CMakeFiles/tello_driver_main.dir/src/tello_driver_node.cpp.o[0m
[1.504s] [01m[K/home/encoder/Desktop/ros2-robot/ros2_ws/src/tello_ros/tello_driver/src/tello_joy_node.cpp:49:10:[m[K [01;31m[Kfatal error: [m[Krclcpp_components/register_node_macro.hpp: No such file or directory
[1.505s]    49 | #include [01;31m[K"rclcpp_components/register_node_macro.hpp"[m[K
[1.505s]       |          [01;31m[K^~~~~~~~~~~~~~~~~~~~~~~~~~~~~~~~~~~~~~~~~~~[m[K
[1.505s] compilation terminated.
[1.529s] gmake[2]: *** [CMakeFiles/tello_joy_node.dir/build.make:76: CMakeFiles/tello_joy_node.dir/src/tello_joy_node.cpp.o] Error 1
[1.529s] gmake[1]: *** [CMakeFiles/Makefile2:197: CMakeFiles/tello_joy_node.dir/all] Error 2
[1.529s] gmake[1]: *** Waiting for unfinished jobs....
[1.660s] [01m[K/home/encoder/Desktop/ros2-robot/ros2_ws/src/tello_ros/tello_driver/src/tello_joy_node.cpp:49:10:[m[K [01;31m[Kfatal error: [m[Krclcpp_components/register_node_macro.hpp: No such file or directory
[1.661s]    49 | #include [01;31m[K"rclcpp_components/register_node_macro.hpp"[m[K
[1.661s]       |          [01;31m[K^~~~~~~~~~~~~~~~~~~~~~~~~~~~~~~~~~~~~~~~~~~[m[K
[1.661s] compilation terminated.
[1.696s] gmake[2]: *** [CMakeFiles/tello_joy_main.dir/build.make:90: CMakeFiles/tello_joy_main.dir/src/tello_joy_node.cpp.o] Error 1
[1.696s] gmake[1]: *** [CMakeFiles/Makefile2:249: CMakeFiles/tello_joy_main.dir/all] Error 2
[2.902s] [01m[K/home/encoder/Desktop/ros2-robot/ros2_ws/src/tello_ros/tello_driver/src/tello_driver_node.cpp:180:10:[m[K [01;31m[Kfatal error: [m[Krclcpp_components/register_node_macro.hpp: No such file or directory
[2.902s]   180 | #include [01;31m[K"rclcpp_components/register_node_macro.hpp"[m[K
[2.902s]       |          [01;31m[K^~~~~~~~~~~~~~~~~~~~~~~~~~~~~~~~~~~~~~~~~~~[m[K
[2.903s] compilation terminated.
[2.922s] gmake[2]: *** [CMakeFiles/tello_driver_node.dir/build.make:76: CMakeFiles/tello_driver_node.dir/src/tello_driver_node.cpp.o] Error 1
[2.923s] gmake[2]: *** Waiting for unfinished jobs....
[3.073s] [01m[K/home/encoder/Desktop/ros2-robot/ros2_ws/src/tello_ros/tello_driver/src/tello_driver_node.cpp:180:10:[m[K [01;31m[Kfatal error: [m[Krclcpp_components/register_node_macro.hpp: No such file or directory
[3.074s]   180 | #include [01;31m[K"rclcpp_components/register_node_macro.hpp"[m[K
[3.074s]       |          [01;31m[K^~~~~~~~~~~~~~~~~~~~~~~~~~~~~~~~~~~~~~~~~~~[m[K
[3.074s] compilation terminated.
[3.091s] gmake[2]: *** [CMakeFiles/tello_driver_main.dir/build.make:90: CMakeFiles/tello_driver_main.dir/src/tello_driver_node.cpp.o] Error 1
[3.092s] gmake[1]: *** [CMakeFiles/Makefile2:223: CMakeFiles/tello_driver_main.dir/all] Error 2
[16.894s] gmake[1]: *** [CMakeFiles/Makefile2:145: CMakeFiles/tello_driver_node.dir/all] Error 2
[16.894s] gmake: *** [Makefile:146: all] Error 2
[16.903s] Invoked command in '/home/encoder/Desktop/ros2-robot/build/tello_driver' returned '2': CMAKE_PREFIX_PATH=/home/encoder/Desktop/ros2-robot/install/tello_msgs:/home/encoder/Desktop/ros2-robot/install/ros2_shared:/home/encoder/Desktop/ros2-robot/ros2_ws/install/tello_msgs:/home/encoder/Desktop/ros2-robot/ros2_ws/install/tello_description:/home/encoder/Desktop/ros2-robot/ros2_ws/install/rplidar_ros:/home/encoder/Desktop/ros2-robot/ros2_ws/install/ros2_shared:/home/encoder/Desktop/ros2-robot/install/tello_description:/home/encoder/Desktop/ros2-robot/install/rplidar_ros:/home/encoder/Desktop/ros2-robot/ros2_ws/install/serial_pubsub:/home/encoder/Desktop/ros2-robot/ros2_ws/install/ros2_opencv:/home/encoder/Desktop/ros2-robot/ros2_ws/install/lidar_mapper:/home/encoder/Desktop/ros2-robot/install/serial_pubsub:/home/encoder/Desktop/ros2-robot/install/ros2_opencv:/home/encoder/Desktop/ros2-robot/install/lidar_mapper:/opt/ros/humble LD_LIBRARY_PATH=/home/encoder/Desktop/ros2-robot/install/tello_msgs/lib:/home/encoder/Desktop/ros2-robot/ros2_ws/install/tello_msgs/lib:/usr/lib/x86_64-linux-gnu/gazebo-11/plugins:/opt/ros/humble/opt/rviz_ogre_vendor/lib:/opt/ros/humble/lib/x86_64-linux-gnu:/opt/ros/humble/lib /usr/bin/cmake --build /home/encoder/Desktop/ros2-robot/build/tello_driver -- -j12 -l12
