[  4%] [32mBuilding CXX object CMakeFiles/tello_driver_main.dir/src/tello_socket.cpp.o[0m
[  9%] [32mBuilding CXX object CMakeFiles/tello_emulator.dir/src/tello_emulator.cpp.o[0m
[ 13%] [32mBuilding CXX object CMakeFiles/tello_driver_node.dir/src/tello_socket.cpp.o[0m
[ 18%] [32mBuilding CXX object CMakeFiles/tello_driver_main.dir/src/video_socket.cpp.o[0m
[ 22%] [32mBuilding CXX object CMakeFiles/tello_driver_main.dir/src/tello_driver_node.cpp.o[0m
[ 27%] [32mBuilding CXX object CMakeFiles/tello_driver_node.dir/src/tello_driver_node.cpp.o[0m
[ 31%] [32mBuilding CXX object CMakeFiles/tello_driver_main.dir/src/tello_driver_main.cpp.o[0m
[ 36%] [32mBuilding CXX object CMakeFiles/tello_joy_main.dir/src/tello_joy_main.cpp.o[0m
[ 40%] [32mBuilding CXX object CMakeFiles/tello_driver_node.dir/src/command_socket.cpp.o[0m
[ 45%] [32mBuilding CXX object CMakeFiles/tello_driver_main.dir/src/state_socket.cpp.o[0m
[ 50%] [32mBuilding CXX object CMakeFiles/tello_driver_main.dir/src/command_socket.cpp.o[0m
[ 54%] [32mBuilding CXX object CMakeFiles/tello_joy_node.dir/src/tello_joy_node.cpp.o[0m
[01m[K/home/encoder/Desktop/ros2-robot/ros2_ws/src/tello_ros/tello_driver/src/tello_joy_node.cpp:49:10:[m[K [01;31m[Kfatal error: [m[Krclcpp_components/register_node_macro.hpp: No such file or directory
   49 | #include [01;31m[K"rclcpp_components/register_node_macro.hpp"[m[K
      |          [01;31m[K^~~~~~~~~~~~~~~~~~~~~~~~~~~~~~~~~~~~~~~~~~~[m[K
compilation terminated.
gmake[2]: *** [CMakeFiles/tello_joy_node.dir/build.make:76: CMakeFiles/tello_joy_node.dir/src/tello_joy_node.cpp.o] Error 1
gmake[1]: *** [CMakeFiles/Makefile2:197: CMakeFiles/tello_joy_node.dir/all] Error 2
gmake[1]: *** Waiting for unfinished jobs....
[ 59%] [32mBuilding CXX object CMakeFiles/tello_driver_main.dir/h264decoder/h264decoder.cpp.o[0m
[01m[K/home/encoder/Desktop/ros2-robot/ros2_ws/src/tello_ros/tello_driver/src/tello_driver_node.cpp:180:10:[m[K [01;31m[Kfatal error: [m[Krclcpp_components/register_node_macro.hpp: No such file or directory
  180 | #include [01;31m[K"rclcpp_components/register_node_macro.hpp"[m[K
      |          [01;31m[K^~~~~~~~~~~~~~~~~~~~~~~~~~~~~~~~~~~~~~~~~~~[m[K
compilation terminated.
gmake[2]: *** [CMakeFiles/tello_driver_main.dir/build.make:90: CMakeFiles/tello_driver_main.dir/src/tello_driver_node.cpp.o] Error 1
gmake[2]: *** Waiting for unfinished jobs....
[ 63%] [32mBuilding CXX object CMakeFiles/tello_driver_node.dir/src/state_socket.cpp.o[0m
[01m[K/home/encoder/Desktop/ros2-robot/ros2_ws/src/tello_ros/tello_driver/src/tello_driver_node.cpp:180:10:[m[K [01;31m[Kfatal error: [m[Krclcpp_components/register_node_macro.hpp: No such file or directory
  180 | #include [01;31m[K"rclcpp_components/register_node_macro.hpp"[m[K
      |          [01;31m[K^~~~~~~~~~~~~~~~~~~~~~~~~~~~~~~~~~~~~~~~~~~[m[K
compilation terminated.
gmake[2]: *** [CMakeFiles/tello_driver_node.dir/build.make:76: CMakeFiles/tello_driver_node.dir/src/tello_driver_node.cpp.o] Error 1
gmake[2]: *** Waiting for unfinished jobs....
[ 68%] [32mBuilding CXX object CMakeFiles/tello_joy_main.dir/src/tello_joy_node.cpp.o[0m
[01m[K/home/encoder/Desktop/ros2-robot/ros2_ws/src/tello_ros/tello_driver/src/tello_joy_node.cpp:49:10:[m[K [01;31m[Kfatal error: [m[Krclcpp_components/register_node_macro.hpp: No such file or directory
   49 | #include [01;31m[K"rclcpp_components/register_node_macro.hpp"[m[K
      |          [01;31m[K^~~~~~~~~~~~~~~~~~~~~~~~~~~~~~~~~~~~~~~~~~~[m[K
compilation terminated.
gmake[2]: *** [CMakeFiles/tello_joy_main.dir/build.make:90: CMakeFiles/tello_joy_main.dir/src/tello_joy_node.cpp.o] Error 1
gmake[2]: *** Waiting for unfinished jobs....
[ 72%] [32m[1mLinking CXX executable tello_emulator[0m
[ 72%] Built target tello_emulator
gmake[1]: *** [CMakeFiles/Makefile2:249: CMakeFiles/tello_joy_main.dir/all] Error 2
gmake[1]: *** [CMakeFiles/Makefile2:223: CMakeFiles/tello_driver_main.dir/all] Error 2
gmake[1]: *** [CMakeFiles/Makefile2:145: CMakeFiles/tello_driver_node.dir/all] Error 2
gmake: *** [Makefile:146: all] Error 2
