[0.097s] Invoking command in '/home/encoder/Desktop/ros2-robot/build/tello_driver': AMENT_PREFIX_PATH=/home/encoder/Desktop/ros2-robot/install/tello_msgs:/home/encoder/Desktop/ros2-robot/install/ros2_shared:${AMENT_PREFIX_PATH} CMAKE_PREFIX_PATH=/home/encoder/Desktop/ros2-robot/install/tello_msgs:/home/encoder/Desktop/ros2-robot/install/ros2_shared:/opt/ros/humble LD_LIBRARY_PATH=/home/encoder/Desktop/ros2-robot/install/tello_msgs/lib:${LD_LIBRARY_PATH} PYTHONPATH=/home/encoder/Desktop/ros2-robot/install/tello_msgs/local/lib/python3.10/dist-packages:${PYTHONPATH} /usr/bin/cmake --build /home/encoder/Desktop/ros2-robot/build/tello_driver -- -j12 -l12
[0.329s] [  4%] [32mBuilding CXX object CMakeFiles/tello_driver_main.dir/src/tello_socket.cpp.o[0m
[0.330s] [  9%] [32mBuilding CXX object CMakeFiles/tello_emulator.dir/src/tello_emulator.cpp.o[0m
[0.349s] [ 13%] [32mBuilding CXX object CMakeFiles/tello_driver_node.dir/src/tello_socket.cpp.o[0m
[0.350s] [ 18%] [32mBuilding CXX object CMakeFiles/tello_driver_main.dir/src/video_socket.cpp.o[0m
[0.350s] [ 22%] [32mBuilding CXX object CMakeFiles/tello_driver_main.dir/src/tello_driver_node.cpp.o[0m
[0.350s] [ 27%] [32mBuilding CXX object CMakeFiles/tello_driver_node.dir/src/tello_driver_node.cpp.o[0m
[0.350s] [ 31%] [32mBuilding CXX object CMakeFiles/tello_driver_main.dir/src/tello_driver_main.cpp.o[0m
[0.350s] [ 36%] [32mBuilding CXX object CMakeFiles/tello_joy_main.dir/src/tello_joy_main.cpp.o[0m
[0.354s] [ 40%] [32mBuilding CXX object CMakeFiles/tello_driver_node.dir/src/command_socket.cpp.o[0m
[0.355s] [ 45%] [32mBuilding CXX object CMakeFiles/tello_driver_main.dir/src/state_socket.cpp.o[0m
[0.364s] [ 50%] [32mBuilding CXX object CMakeFiles/tello_driver_main.dir/src/command_socket.cpp.o[0m
[0.387s] [ 54%] [32mBuilding CXX object CMakeFiles/tello_joy_node.dir/src/tello_joy_node.cpp.o[0m
[2.411s] [01m[K/home/encoder/Desktop/ros2-robot/ros2_ws/src/tello_ros/tello_driver/src/tello_joy_node.cpp:49:10:[m[K [01;31m[Kfatal error: [m[Krclcpp_components/register_node_macro.hpp: No such file or directory
[2.412s]    49 | #include [01;31m[K"rclcpp_components/register_node_macro.hpp"[m[K
[2.414s]       |          [01;31m[K^~~~~~~~~~~~~~~~~~~~~~~~~~~~~~~~~~~~~~~~~~~[m[K
[2.415s] compilation terminated.
[2.415s] gmake[2]: *** [CMakeFiles/tello_joy_node.dir/build.make:76: CMakeFiles/tello_joy_node.dir/src/tello_joy_node.cpp.o] Error 1
[2.415s] gmake[1]: *** [CMakeFiles/Makefile2:197: CMakeFiles/tello_joy_node.dir/all] Error 2
[2.416s] gmake[1]: *** Waiting for unfinished jobs....
[2.493s] [ 59%] [32mBuilding CXX object CMakeFiles/tello_driver_main.dir/h264decoder/h264decoder.cpp.o[0m
[4.734s] [01m[K/home/encoder/Desktop/ros2-robot/ros2_ws/src/tello_ros/tello_driver/src/tello_driver_node.cpp:180:10:[m[K [01;31m[Kfatal error: [m[Krclcpp_components/register_node_macro.hpp: No such file or directory
[4.734s]   180 | #include [01;31m[K"rclcpp_components/register_node_macro.hpp"[m[K
[4.735s]       |          [01;31m[K^~~~~~~~~~~~~~~~~~~~~~~~~~~~~~~~~~~~~~~~~~~[m[K
[4.735s] compilation terminated.
[4.804s] gmake[2]: *** [CMakeFiles/tello_driver_main.dir/build.make:90: CMakeFiles/tello_driver_main.dir/src/tello_driver_node.cpp.o] Error 1
[4.805s] gmake[2]: *** Waiting for unfinished jobs....
[4.866s] [ 63%] [32mBuilding CXX object CMakeFiles/tello_driver_node.dir/src/state_socket.cpp.o[0m
[5.452s] [01m[K/home/encoder/Desktop/ros2-robot/ros2_ws/src/tello_ros/tello_driver/src/tello_driver_node.cpp:180:10:[m[K [01;31m[Kfatal error: [m[Krclcpp_components/register_node_macro.hpp: No such file or directory
[5.458s]   180 | #include [01;31m[K"rclcpp_components/register_node_macro.hpp"[m[K
[5.459s]       |          [01;31m[K^~~~~~~~~~~~~~~~~~~~~~~~~~~~~~~~~~~~~~~~~~~[m[K
[5.459s] compilation terminated.
[5.485s] gmake[2]: *** [CMakeFiles/tello_driver_node.dir/build.make:76: CMakeFiles/tello_driver_node.dir/src/tello_driver_node.cpp.o] Error 1
[5.487s] gmake[2]: *** Waiting for unfinished jobs....
[5.535s] [ 68%] [32mBuilding CXX object CMakeFiles/tello_joy_main.dir/src/tello_joy_node.cpp.o[0m
[7.402s] [01m[K/home/encoder/Desktop/ros2-robot/ros2_ws/src/tello_ros/tello_driver/src/tello_joy_node.cpp:49:10:[m[K [01;31m[Kfatal error: [m[Krclcpp_components/register_node_macro.hpp: No such file or directory
[7.406s]    49 | #include [01;31m[K"rclcpp_components/register_node_macro.hpp"[m[K
[7.407s]       |          [01;31m[K^~~~~~~~~~~~~~~~~~~~~~~~~~~~~~~~~~~~~~~~~~~[m[K
[7.407s] compilation terminated.
[7.418s] gmake[2]: *** [CMakeFiles/tello_joy_main.dir/build.make:90: CMakeFiles/tello_joy_main.dir/src/tello_joy_node.cpp.o] Error 1
[7.418s] gmake[2]: *** Waiting for unfinished jobs....
[13.901s] [ 72%] [32m[1mLinking CXX executable tello_emulator[0m
[14.568s] [ 72%] Built target tello_emulator
[21.541s] gmake[1]: *** [CMakeFiles/Makefile2:249: CMakeFiles/tello_joy_main.dir/all] Error 2
[35.524s] gmake[1]: *** [CMakeFiles/Makefile2:223: CMakeFiles/tello_driver_main.dir/all] Error 2
[38.374s] gmake[1]: *** [CMakeFiles/Makefile2:145: CMakeFiles/tello_driver_node.dir/all] Error 2
[38.375s] gmake: *** [Makefile:146: all] Error 2
[38.386s] Invoked command in '/home/encoder/Desktop/ros2-robot/build/tello_driver' returned '2': AMENT_PREFIX_PATH=/home/encoder/Desktop/ros2-robot/install/tello_msgs:/home/encoder/Desktop/ros2-robot/install/ros2_shared:${AMENT_PREFIX_PATH} CMAKE_PREFIX_PATH=/home/encoder/Desktop/ros2-robot/install/tello_msgs:/home/encoder/Desktop/ros2-robot/install/ros2_shared:/opt/ros/humble LD_LIBRARY_PATH=/home/encoder/Desktop/ros2-robot/install/tello_msgs/lib:${LD_LIBRARY_PATH} PYTHONPATH=/home/encoder/Desktop/ros2-robot/install/tello_msgs/local/lib/python3.10/dist-packages:${PYTHONPATH} /usr/bin/cmake --build /home/encoder/Desktop/ros2-robot/build/tello_driver -- -j12 -l12
